<?xml version="1.0" encoding="UTF-8"?>
<coverage generated="1668938247455" clover="3.2.0">
  <project timestamp="1668938247456" name="All files">
    <metrics statements="72" coveredstatements="68" conditionals="48" coveredconditionals="41" methods="18" coveredmethods="18" elements="138" coveredelements="127" complexity="0" loc="72" ncloc="72" packages="3" files="7" classes="7"/>
    <package name="frontend-project-46">
      <metrics statements="23" coveredstatements="21" conditionals="18" coveredconditionals="15" methods="4" coveredmethods="4"/>
      <file name="genKey.js" path="/home/linuxlite/Рабочий стол/frontend-project-46/genKey.js">
        <metrics statements="13" coveredstatements="13" conditionals="10" coveredconditionals="10" methods="3" coveredmethods="3"/>
        <line num="3" count="1" type="stmt"/>
        <line num="4" count="45" type="stmt"/>
        <line num="6" count="162" type="cond" truecount="2" falsecount="0"/>
        <line num="7" count="45" type="stmt"/>
        <line num="8" count="117" type="cond" truecount="2" falsecount="0"/>
        <line num="9" count="18" type="stmt"/>
        <line num="10" count="99" type="cond" truecount="4" falsecount="0"/>
        <line num="11" count="36" type="stmt"/>
        <line num="13" count="63" type="cond" truecount="2" falsecount="0"/>
        <line num="14" count="36" type="stmt"/>
        <line num="18" count="27" type="stmt"/>
        <line num="20" count="45" type="stmt"/>
        <line num="22" count="162" type="stmt"/>
      </file>
      <file name="parsers.js" path="/home/linuxlite/Рабочий стол/frontend-project-46/parsers.js">
        <metrics statements="10" coveredstatements="8" conditionals="8" coveredconditionals="5" methods="1" coveredmethods="1"/>
        <line num="6" count="1" type="stmt"/>
        <line num="7" count="18" type="stmt"/>
        <line num="8" count="18" type="cond" truecount="1" falsecount="1"/>
        <line num="9" count="0" type="stmt"/>
        <line num="11" count="18" type="cond" truecount="2" falsecount="0"/>
        <line num="12" count="9" type="stmt"/>
        <line num="14" count="9" type="cond" truecount="1" falsecount="1"/>
        <line num="15" count="0" type="stmt"/>
        <line num="17" count="9" type="cond" truecount="1" falsecount="1"/>
        <line num="18" count="9" type="stmt"/>
      </file>
    </package>
    <package name="frontend-project-46.formatter">
      <metrics statements="39" coveredstatements="37" conditionals="29" coveredconditionals="26" methods="12" coveredmethods="12"/>
      <file name="index.js" path="/home/linuxlite/Рабочий стол/frontend-project-46/formatter/index.js">
        <metrics statements="7" coveredstatements="7" conditionals="6" coveredconditionals="5" methods="1" coveredmethods="1"/>
        <line num="5" count="1" type="stmt"/>
        <line num="6" count="9" type="cond" truecount="2" falsecount="0"/>
        <line num="7" count="3" type="stmt"/>
        <line num="9" count="6" type="cond" truecount="2" falsecount="0"/>
        <line num="10" count="3" type="stmt"/>
        <line num="12" count="3" type="cond" truecount="1" falsecount="1"/>
        <line num="13" count="3" type="stmt"/>
      </file>
      <file name="json.js" path="/home/linuxlite/Рабочий стол/frontend-project-46/formatter/json.js">
        <metrics statements="1" coveredstatements="1" conditionals="0" coveredconditionals="0" methods="1" coveredmethods="1"/>
        <line num="1" count="3" type="stmt"/>
      </file>
      <file name="plain.js" path="/home/linuxlite/Рабочий стол/frontend-project-46/formatter/plain.js">
        <metrics statements="17" coveredstatements="16" conditionals="14" coveredconditionals="13" methods="3" coveredmethods="3"/>
        <line num="3" count="1" type="stmt"/>
        <line num="4" count="39" type="cond" truecount="2" falsecount="0"/>
        <line num="5" count="9" type="stmt"/>
        <line num="7" count="30" type="cond" truecount="2" falsecount="0"/>
        <line num="8" count="6" type="stmt"/>
        <line num="10" count="24" type="cond" truecount="1" falsecount="1"/>
        <line num="11" count="0" type="stmt"/>
        <line num="13" count="24" type="cond" truecount="2" falsecount="0"/>
        <line num="14" count="3" type="stmt"/>
        <line num="16" count="21" type="stmt"/>
        <line num="19" count="15" type="cond" truecount="1" falsecount="0"/>
        <line num="20" count="54" type="cond" truecount="5" falsecount="0"/>
        <line num="22" count="12" type="stmt"/>
        <line num="24" count="15" type="stmt"/>
        <line num="26" count="6" type="stmt"/>
        <line num="28" count="12" type="stmt"/>
        <line num="30" count="9" type="stmt"/>
      </file>
      <file name="stylish.js" path="/home/linuxlite/Рабочий стол/frontend-project-46/formatter/stylish.js">
        <metrics statements="14" coveredstatements="13" conditionals="9" coveredconditionals="8" methods="7" coveredmethods="7"/>
        <line num="3" count="1" type="stmt"/>
        <line num="10" count="1" type="stmt"/>
        <line num="11" count="126" type="cond" truecount="1" falsecount="0"/>
        <line num="13" count="1" type="stmt"/>
        <line num="14" count="81" type="cond" truecount="2" falsecount="0"/>
        <line num="15" count="27" type="stmt"/>
        <line num="22" count="1" type="stmt"/>
        <line num="23" count="54" type="cond" truecount="5" falsecount="1"/>
        <line num="27" count="30" type="stmt"/>
        <line num="29" count="12" type="stmt"/>
        <line num="34" count="12" type="stmt"/>
        <line num="35" count="42" type="stmt"/>
        <line num="37" count="0" type="stmt"/>
        <line num="41" count="12" type="stmt"/>
      </file>
    </package>
    <package name="frontend-project-46.src">
      <metrics statements="10" coveredstatements="10" conditionals="1" coveredconditionals="0" methods="2" coveredmethods="2"/>
      <file name="getDiff.js" path="/home/linuxlite/Рабочий стол/frontend-project-46/src/getDiff.js">
        <metrics statements="10" coveredstatements="10" conditionals="1" coveredconditionals="0" methods="2" coveredmethods="2"/>
        <line num="8" count="1" type="cond" truecount="0" falsecount="1"/>
        <line num="9" count="9" type="stmt"/>
        <line num="10" count="18" type="stmt"/>
        <line num="11" count="18" type="stmt"/>
        <line num="14" count="9" type="stmt"/>
        <line num="15" count="9" type="stmt"/>
        <line num="17" count="9" type="stmt"/>
        <line num="18" count="9" type="stmt"/>
        <line num="20" count="9" type="stmt"/>
        <line num="22" count="9" type="stmt"/>
      </file>
    </package>
  </project>
</coverage>
