{"/home/linuxlite/Рабочий стол/frontend-project-46/sum.js": {"path":"/home/linuxlite/Рабочий стол/frontend-project-46/sum.js","statementMap":{"0":{"start":{"line":2,"column":4},"end":{"line":2,"column":19}},"1":{"start":{"line":4,"column":2},"end":{"line":4,"column":22}}},"fnMap":{"0":{"name":"sum","decl":{"start":{"line":1,"column":10},"end":{"line":1,"column":13}},"loc":{"start":{"line":1,"column":20},"end":{"line":3,"column":3}},"line":1}},"branchMap":{},"s":{"0":1,"1":1},"f":{"0":1},"b":{},"_coverageSchema":"1a1c01bbd47fc00a2c39e90264f33305004495a9","hash":"d553d25cdfaf749089385ff73272b6583a8afafb"}
}
