{"/home/linuxlite/Рабочий стол/frontend-project-46/src/genDiff.js": {"path":"/home/linuxlite/Рабочий стол/frontend-project-46/src/genDiff.js","statementMap":{"0":{"start":{"line":8,"column":20},"end":{"line":11,"column":1}},"1":{"start":{"line":9,"column":26},"end":{"line":9,"column":64}},"2":{"start":{"line":10,"column":2},"end":{"line":10,"column":50}},"3":{"start":{"line":14,"column":21},"end":{"line":22,"column":1}},"4":{"start":{"line":15,"column":18},"end":{"line":15,"column":53}},"5":{"start":{"line":16,"column":2},"end":{"line":18,"column":3}},"6":{"start":{"line":17,"column":4},"end":{"line":17,"column":31}},"7":{"start":{"line":19,"column":2},"end":{"line":21,"column":3}},"8":{"start":{"line":20,"column":4},"end":{"line":20,"column":30}},"9":{"start":{"line":25,"column":23},"end":{"line":52,"column":1}},"10":{"start":{"line":27,"column":18},"end":{"line":27,"column":40}},"11":{"start":{"line":28,"column":18},"end":{"line":28,"column":40}},"12":{"start":{"line":30,"column":20},"end":{"line":30,"column":54}},"13":{"start":{"line":31,"column":20},"end":{"line":31,"column":54}},"14":{"start":{"line":33,"column":17},"end":{"line":33,"column":73}},"15":{"start":{"line":34,"column":18},"end":{"line":47,"column":5}},"16":{"start":{"line":35,"column":4},"end":{"line":37,"column":5}},"17":{"start":{"line":36,"column":6},"end":{"line":36,"column":49}},"18":{"start":{"line":38,"column":4},"end":{"line":40,"column":5}},"19":{"start":{"line":39,"column":6},"end":{"line":39,"column":49}},"20":{"start":{"line":41,"column":4},"end":{"line":43,"column":5}},"21":{"start":{"line":42,"column":6},"end":{"line":42,"column":48}},"22":{"start":{"line":44,"column":4},"end":{"line":46,"column":7}},"23":{"start":{"line":45,"column":8},"end":{"line":45,"column":85}},"24":{"start":{"line":48,"column":18},"end":{"line":48,"column":53}},"25":{"start":{"line":48,"column":40},"end":{"line":48,"column":52}},"26":{"start":{"line":50,"column":2},"end":{"line":50,"column":37}}},"fnMap":{"0":{"name":"(anonymous_0)","decl":{"start":{"line":8,"column":20},"end":{"line":8,"column":21}},"loc":{"start":{"line":8,"column":32},"end":{"line":11,"column":1}},"line":8},"1":{"name":"(anonymous_1)","decl":{"start":{"line":14,"column":21},"end":{"line":14,"column":22}},"loc":{"start":{"line":14,"column":42},"end":{"line":22,"column":1}},"line":14},"2":{"name":"(anonymous_2)","decl":{"start":{"line":25,"column":23},"end":{"line":25,"column":24}},"loc":{"start":{"line":25,"column":46},"end":{"line":52,"column":1}},"line":25},"3":{"name":"(anonymous_3)","decl":{"start":{"line":34,"column":18},"end":{"line":34,"column":19}},"loc":{"start":{"line":34,"column":27},"end":{"line":47,"column":5}},"line":34},"4":{"name":"(anonymous_4)","decl":{"start":{"line":48,"column":31},"end":{"line":48,"column":32}},"loc":{"start":{"line":48,"column":40},"end":{"line":48,"column":52}},"line":48}},"branchMap":{"0":{"loc":{"start":{"line":16,"column":2},"end":{"line":18,"column":3}},"type":"if","locations":[{"start":{"line":16,"column":2},"end":{"line":18,"column":3}},{"start":{},"end":{}}],"line":16},"1":{"loc":{"start":{"line":19,"column":2},"end":{"line":21,"column":3}},"type":"if","locations":[{"start":{"line":19,"column":2},"end":{"line":21,"column":3}},{"start":{},"end":{}}],"line":19},"2":{"loc":{"start":{"line":35,"column":4},"end":{"line":37,"column":5}},"type":"if","locations":[{"start":{"line":35,"column":4},"end":{"line":37,"column":5}},{"start":{},"end":{}}],"line":35},"3":{"loc":{"start":{"line":38,"column":4},"end":{"line":40,"column":5}},"type":"if","locations":[{"start":{"line":38,"column":4},"end":{"line":40,"column":5}},{"start":{},"end":{}}],"line":38},"4":{"loc":{"start":{"line":41,"column":4},"end":{"line":43,"column":5}},"type":"if","locations":[{"start":{"line":41,"column":4},"end":{"line":43,"column":5}},{"start":{},"end":{}}],"line":41},"5":{"loc":{"start":{"line":44,"column":4},"end":{"line":46,"column":7}},"type":"if","locations":[{"start":{"line":44,"column":4},"end":{"line":46,"column":7}},{"start":{},"end":{}}],"line":44}},"s":{"0":1,"1":2,"2":2,"3":1,"4":2,"5":2,"6":2,"7":0,"8":0,"9":1,"10":1,"11":1,"12":1,"13":1,"14":1,"15":1,"16":5,"17":1,"18":4,"19":2,"20":2,"21":1,"22":1,"23":1,"24":1,"25":5,"26":1},"f":{"0":2,"1":2,"2":1,"3":5,"4":5},"b":{"0":[2,0],"1":[0,0],"2":[1,4],"3":[2,2],"4":[1,1],"5":[1,0]},"inputSourceMap":null,"_coverageSchema":"1a1c01bbd47fc00a2c39e90264f33305004495a9","hash":"1a854aba917eb1ea2122ed3ca34f3258313eb0f4"}
}
