TN:
SF:genKey.js
FN:3,(anonymous_0)
FN:4,(anonymous_1)
FN:22,(anonymous_2)
FNF:3
FNH:3
FNDA:45,(anonymous_0)
FNDA:162,(anonymous_1)
FNDA:162,(anonymous_2)
DA:3,1
DA:4,45
DA:6,162
DA:7,45
DA:8,117
DA:9,18
DA:10,99
DA:11,36
DA:13,63
DA:14,36
DA:18,27
DA:20,45
DA:22,162
LF:13
LH:13
BRDA:6,0,0,45
BRDA:6,0,1,117
BRDA:8,1,0,18
BRDA:8,1,1,99
BRDA:10,2,0,36
BRDA:10,2,1,63
BRDA:10,3,0,99
BRDA:10,3,1,45
BRDA:13,4,0,36
BRDA:13,4,1,27
BRF:10
BRH:10
end_of_record
TN:
SF:parsers.js
FN:6,(anonymous_0)
FNF:1
FNH:1
FNDA:18,(anonymous_0)
DA:6,1
DA:7,18
DA:8,18
DA:9,0
DA:11,18
DA:12,9
DA:14,9
DA:15,0
DA:17,9
DA:18,9
LF:10
LH:8
BRDA:8,0,0,0
BRDA:8,0,1,18
BRDA:11,1,0,9
BRDA:11,1,1,9
BRDA:14,2,0,0
BRDA:14,2,1,9
BRDA:17,3,0,9
BRDA:17,3,1,0
BRF:8
BRH:5
end_of_record
TN:
SF:formatter/index.js
FN:5,(anonymous_0)
FNF:1
FNH:1
FNDA:9,(anonymous_0)
DA:5,1
DA:6,9
DA:7,3
DA:9,6
DA:10,3
DA:12,3
DA:13,3
LF:7
LH:7
BRDA:6,0,0,3
BRDA:6,0,1,6
BRDA:9,1,0,3
BRDA:9,1,1,3
BRDA:12,2,0,3
BRDA:12,2,1,0
BRF:6
BRH:5
end_of_record
TN:
SF:formatter/json.js
FN:1,(anonymous_0)
FNF:1
FNH:1
FNDA:3,(anonymous_0)
DA:1,3
LF:1
LH:1
BRF:0
BRH:0
end_of_record
TN:
SF:formatter/plain.js
FN:3,(anonymous_0)
FN:19,(anonymous_1)
FN:19,(anonymous_2)
FNF:3
FNH:3
FNDA:39,(anonymous_0)
FNDA:15,(anonymous_1)
FNDA:54,(anonymous_2)
DA:3,1
DA:4,39
DA:5,9
DA:7,30
DA:8,6
DA:10,24
DA:11,0
DA:13,24
DA:14,3
DA:16,21
DA:19,15
DA:20,54
DA:22,12
DA:24,15
DA:26,6
DA:28,12
DA:30,9
LF:17
LH:16
BRDA:4,0,0,9
BRDA:4,0,1,30
BRDA:7,1,0,6
BRDA:7,1,1,24
BRDA:10,2,0,0
BRDA:10,2,1,24
BRDA:13,3,0,3
BRDA:13,3,1,21
BRDA:19,4,0,3
BRDA:20,5,0,12
BRDA:20,5,1,15
BRDA:20,5,2,6
BRDA:20,5,3,12
BRDA:20,5,4,9
BRF:14
BRH:13
end_of_record
TN:
SF:formatter/stylish.js
FN:11,(anonymous_0)
FN:13,(anonymous_1)
FN:15,(anonymous_2)
FN:22,(anonymous_3)
FN:35,(anonymous_4)
FN:41,(anonymous_5)
FN:41,(anonymous_6)
FNF:7
FNH:7
FNDA:126,(anonymous_0)
FNDA:81,(anonymous_1)
FNDA:27,(anonymous_2)
FNDA:54,(anonymous_3)
FNDA:42,(anonymous_4)
FNDA:3,(anonymous_5)
FNDA:12,(anonymous_6)
DA:3,1
DA:10,1
DA:11,126
DA:13,1
DA:14,81
DA:15,27
DA:22,1
DA:23,54
DA:27,30
DA:29,12
DA:34,12
DA:35,42
DA:37,0
DA:41,12
LF:14
LH:13
BRDA:11,0,0,126
BRDA:14,1,0,60
BRDA:14,1,1,21
BRDA:23,2,0,15
BRDA:23,2,1,21
BRDA:23,2,2,30
BRDA:23,2,3,12
BRDA:23,2,4,12
BRDA:23,2,5,0
BRF:9
BRH:8
end_of_record
TN:
SF:src/getDiff.js
FN:8,(anonymous_0)
FN:9,(anonymous_1)
FNF:2
FNH:2
FNDA:9,(anonymous_0)
FNDA:18,(anonymous_1)
DA:8,1
DA:9,9
DA:10,18
DA:11,18
DA:14,9
DA:15,9
DA:17,9
DA:18,9
DA:20,9
DA:22,9
LF:10
LH:10
BRDA:8,0,0,0
BRF:1
BRH:0
end_of_record
