TN:
SF:src/genDiff.js
FN:8,(anonymous_0)
FN:14,(anonymous_1)
FN:25,(anonymous_2)
FN:34,(anonymous_3)
FN:48,(anonymous_4)
FNF:5
FNH:5
FNDA:2,(anonymous_0)
FNDA:2,(anonymous_1)
FNDA:1,(anonymous_2)
FNDA:5,(anonymous_3)
FNDA:5,(anonymous_4)
DA:8,1
DA:9,2
DA:10,2
DA:14,1
DA:15,2
DA:16,2
DA:17,2
DA:19,0
DA:20,0
DA:25,1
DA:27,1
DA:28,1
DA:30,1
DA:31,1
DA:33,1
DA:34,1
DA:35,5
DA:36,1
DA:38,4
DA:39,2
DA:41,2
DA:42,1
DA:44,1
DA:45,1
DA:48,5
DA:50,1
LF:26
LH:24
BRDA:16,0,0,2
BRDA:16,0,1,0
BRDA:19,1,0,0
BRDA:19,1,1,0
BRDA:35,2,0,1
BRDA:35,2,1,4
BRDA:38,3,0,2
BRDA:38,3,1,2
BRDA:41,4,0,1
BRDA:41,4,1,1
BRDA:44,5,0,1
BRDA:44,5,1,0
BRF:12
BRH:8
end_of_record
